<?xml version="1.0" encoding="UTF-8"?>
<testsuites name="TS_002_Lab02" time="46.579" tests="5" failures="0" errors="0">
   <testsuite name="TS_002_Lab02" tests="5" failures="0" errors="0" time="46.579" timestamp="2020-10-12 00:48:51" hostname="tund - F12" id="Test Suites/TS_002_Lab02">
      <properties>
         <property name="deviceName" value=""/>
         <property name="devicePlatform" value=""/>
         <property name="logFolder" value="/home/tund/Katalon Studio/SE_LoginKatalon/Reports/20201012_004843/TS_002_Lab02/20201012_004844"/>
         <property name="logFiles" value="/home/tund/Katalon Studio/SE_LoginKatalon/Reports/20201012_004843/TS_002_Lab02/20201012_004844/execution0.log"/>
         <property name="attachments" value=""/>
         <property name="hostName" value="tund - F12"/>
         <property name="os" value="Linux 64bit"/>
         <property name="katalonVersion" value="7.7.0.205"/>
         <property name="browser" value="Chrome 85.0.4183.121"/>
         <property name="hostAddress" value="127.0.1.1"/>
         <property name="sessionId" value="49a21c2ceeef152bb8b3acd6ca190006"/>
         <property name="seleniumVersion" value="3.141.59"/>
         <property name="proxyInformation" value="ProxyInformation { proxyOption=NO_PROXY, proxyServerType=HTTP, username=, password=********, proxyServerAddress=, proxyServerPort=0, executionList=&quot;&quot;, isApplyToDesiredCapabilities=true }"/>
         <property name="platform" value="Linux"/>
      </properties>
      <testcase name="Test Cases/TC_003_LoginPassNull" time="8.362" classname="Test Cases/TC_003_LoginPassNull" status="PASSED">
         <system-out><![CDATA[2020-10-12 00:48:51 - [TEST_CASE][PASSED] - Test Cases/TC_003_LoginPassNull: Test Cases/TC_003_LoginPassNull

2020-10-12 00:48:52 - [TEST_STEP][PASSED] - openBrowser(""): Browser is opened with url: ''

2020-10-12 00:48:52 - [MESSAGE][INFO] - Starting 'Chrome' driver

2020-10-12 00:48:52 - [MESSAGE][INFO] - Action delay is set to 0 milliseconds

2020-10-12 00:48:53 - [MESSAGE][PASSED] - Browser is opened with url: ''

2020-10-12 00:48:53 - [TEST_STEP][PASSED] - navigateToUrl("https://katalon-demo-cura.herokuapp.com/"): Navigate to 'https://katalon-demo-cura.herokuapp.com/' successfully

2020-10-12 00:48:56 - [MESSAGE][PASSED] - Navigate to 'https://katalon-demo-cura.herokuapp.com/' successfully

2020-10-12 00:48:56 - [TEST_STEP][PASSED] - click(findTestObject("Object Repository/TC_003/Page_CURA Healthcare Service/a_Make Appointment")): Object: 'Object Repository/TC_003/Page_CURA Healthcare Service/a_Make Appointment' is clicked on

2020-10-12 00:48:57 - [MESSAGE][PASSED] - Object: 'Object Repository/TC_003/Page_CURA Healthcare Service/a_Make Appointment' is clicked on

2020-10-12 00:48:57 - [TEST_STEP][PASSED] - setText(findTestObject("Object Repository/TC_003/Page_CURA Healthcare Service/input_Username_username"), user): Text 'John Doe' is set on object 'Object Repository/TC_003/Page_CURA Healthcare Service/input_Username_username'

2020-10-12 00:48:58 - [MESSAGE][PASSED] - Text 'John Doe' is set on object 'Object Repository/TC_003/Page_CURA Healthcare Service/input_Username_username'

2020-10-12 00:48:58 - [TEST_STEP][PASSED] - click(findTestObject("Object Repository/TC_003/Page_CURA Healthcare Service/button_Login")): Object: 'Object Repository/TC_003/Page_CURA Healthcare Service/button_Login' is clicked on

2020-10-12 00:48:59 - [MESSAGE][PASSED] - Object: 'Object Repository/TC_003/Page_CURA Healthcare Service/button_Login' is clicked on

2020-10-12 00:48:59 - [TEST_STEP][PASSED] - waitForElementPresent(findTestObject("TC_003/Page_CURA Healthcare Service/p_Login failed Please ensure the username a_eb55b5"), 30): Object 'Object Repository/TC_003/Page_CURA Healthcare Service/p_Login failed Please ensure the username a_eb55b5' is present

2020-10-12 00:48:59 - [MESSAGE][PASSED] - Object 'Object Repository/TC_003/Page_CURA Healthcare Service/p_Login failed Please ensure the username a_eb55b5' is present

2020-10-12 00:48:59 - [TEST_STEP][PASSED] - verifyElementText(findTestObject("Object Repository/TC_003/Page_CURA Healthcare Service/p_Login failed Please ensure the username a_eb55b5"), "Login failed! Please ensure the username and password are valid."): Actual text and expected text of test object 'Object Repository/TC_003/Page_CURA Healthcare Service/p_Login failed Please ensure the username a_eb55b5' are matched.

2020-10-12 00:49:00 - [MESSAGE][PASSED] - Actual text and expected text of test object 'Object Repository/TC_003/Page_CURA Healthcare Service/p_Login failed Please ensure the username a_eb55b5' are matched.

2020-10-12 00:49:00 - [TEST_STEP][PASSED] - closeBrowser(): Browser is closed

2020-10-12 00:49:00 - [MESSAGE][PASSED] - Browser is closed]]></system-out>
         <system-err><![CDATA[]]></system-err>
      </testcase>
      <testcase name="Test Cases/TC_005_LoginUserPassFail" time="9.463" classname="Test Cases/TC_005_LoginUserPassFail" status="PASSED">
         <system-out><![CDATA[2020-10-12 00:49:00 - [TEST_CASE][PASSED] - Test Cases/TC_005_LoginUserPassFail: Test Cases/TC_005_LoginUserPassFail

2020-10-12 00:49:00 - [TEST_STEP][PASSED] - openBrowser(""): Browser is opened with url: ''

2020-10-12 00:49:00 - [MESSAGE][INFO] - Starting 'Chrome' driver

2020-10-12 00:49:00 - [MESSAGE][INFO] - Action delay is set to 0 milliseconds

2020-10-12 00:49:00 - [MESSAGE][PASSED] - Browser is opened with url: ''

2020-10-12 00:49:00 - [TEST_STEP][PASSED] - navigateToUrl("https://katalon-demo-cura.herokuapp.com/"): Navigate to 'https://katalon-demo-cura.herokuapp.com/' successfully

2020-10-12 00:49:05 - [MESSAGE][PASSED] - Navigate to 'https://katalon-demo-cura.herokuapp.com/' successfully

2020-10-12 00:49:05 - [TEST_STEP][PASSED] - click(findTestObject("Object Repository/TC_005/Page_CURA Healthcare Service/a_Make Appointment")): Object: 'Object Repository/TC_005/Page_CURA Healthcare Service/a_Make Appointment' is clicked on

2020-10-12 00:49:06 - [MESSAGE][PASSED] - Object: 'Object Repository/TC_005/Page_CURA Healthcare Service/a_Make Appointment' is clicked on

2020-10-12 00:49:06 - [TEST_STEP][PASSED] - setText(findTestObject("Object Repository/TC_005/Page_CURA Healthcare Service/input_Username_username"), userfail): Text 'John as' is set on object 'Object Repository/TC_005/Page_CURA Healthcare Service/input_Username_username'

2020-10-12 00:49:07 - [MESSAGE][PASSED] - Text 'John as' is set on object 'Object Repository/TC_005/Page_CURA Healthcare Service/input_Username_username'

2020-10-12 00:49:07 - [TEST_STEP][PASSED] - setText(findTestObject("Object Repository/TC_005/Page_CURA Healthcare Service/input_Password_password"), passfail): Text '123' is set on object 'Object Repository/TC_005/Page_CURA Healthcare Service/input_Password_password'

2020-10-12 00:49:07 - [MESSAGE][PASSED] - Text '123' is set on object 'Object Repository/TC_005/Page_CURA Healthcare Service/input_Password_password'

2020-10-12 00:49:07 - [TEST_STEP][PASSED] - click(findTestObject("Object Repository/TC_005/Page_CURA Healthcare Service/button_Login")): Object: 'Object Repository/TC_005/Page_CURA Healthcare Service/button_Login' is clicked on

2020-10-12 00:49:08 - [MESSAGE][PASSED] - Object: 'Object Repository/TC_005/Page_CURA Healthcare Service/button_Login' is clicked on

2020-10-12 00:49:08 - [TEST_STEP][PASSED] - waitForElementPresent(findTestObject("TC_005/Page_CURA Healthcare Service/p_Login failed Please ensure the username a_eb55b5"), 30): Object 'Object Repository/TC_005/Page_CURA Healthcare Service/p_Login failed Please ensure the username a_eb55b5' is present

2020-10-12 00:49:09 - [MESSAGE][PASSED] - Object 'Object Repository/TC_005/Page_CURA Healthcare Service/p_Login failed Please ensure the username a_eb55b5' is present

2020-10-12 00:49:09 - [TEST_STEP][PASSED] - verifyElementText(findTestObject("Object Repository/TC_005/Page_CURA Healthcare Service/p_Login failed Please ensure the username a_eb55b5"), "Login failed! Please ensure the username and password are valid."): Actual text and expected text of test object 'Object Repository/TC_005/Page_CURA Healthcare Service/p_Login failed Please ensure the username a_eb55b5' are matched.

2020-10-12 00:49:09 - [MESSAGE][PASSED] - Actual text and expected text of test object 'Object Repository/TC_005/Page_CURA Healthcare Service/p_Login failed Please ensure the username a_eb55b5' are matched.

2020-10-12 00:49:09 - [TEST_STEP][PASSED] - closeBrowser(): Browser is closed

2020-10-12 00:49:09 - [MESSAGE][PASSED] - Browser is closed]]></system-out>
         <system-err><![CDATA[]]></system-err>
      </testcase>
      <testcase name="Test Cases/TC_001_LoginUserPassNull" time="6.484" classname="Test Cases/TC_001_LoginUserPassNull" status="PASSED">
         <system-out><![CDATA[2020-10-12 00:49:09 - [TEST_CASE][PASSED] - Test Cases/TC_001_LoginUserPassNull: Test Cases/TC_001_LoginUserPassNull

2020-10-12 00:49:09 - [TEST_STEP][PASSED] - openBrowser(""): Browser is opened with url: ''

2020-10-12 00:49:09 - [MESSAGE][INFO] - Starting 'Chrome' driver

2020-10-12 00:49:09 - [MESSAGE][INFO] - Action delay is set to 0 milliseconds

2020-10-12 00:49:10 - [MESSAGE][PASSED] - Browser is opened with url: ''

2020-10-12 00:49:10 - [TEST_STEP][PASSED] - navigateToUrl("https://katalon-demo-cura.herokuapp.com/"): Navigate to 'https://katalon-demo-cura.herokuapp.com/' successfully

2020-10-12 00:49:13 - [MESSAGE][PASSED] - Navigate to 'https://katalon-demo-cura.herokuapp.com/' successfully

2020-10-12 00:49:13 - [TEST_STEP][PASSED] - click(findTestObject("Object Repository/TC_001/Page_CURA Healthcare Service/a_Make Appointment")): Object: 'Object Repository/TC_001/Page_CURA Healthcare Service/a_Make Appointment' is clicked on

2020-10-12 00:49:14 - [MESSAGE][PASSED] - Object: 'Object Repository/TC_001/Page_CURA Healthcare Service/a_Make Appointment' is clicked on

2020-10-12 00:49:14 - [TEST_STEP][PASSED] - click(findTestObject("Object Repository/TC_001/Page_CURA Healthcare Service/button_Login")): Object: 'Object Repository/TC_001/Page_CURA Healthcare Service/button_Login' is clicked on

2020-10-12 00:49:15 - [MESSAGE][PASSED] - Object: 'Object Repository/TC_001/Page_CURA Healthcare Service/button_Login' is clicked on

2020-10-12 00:49:15 - [TEST_STEP][PASSED] - waitForElementPresent(findTestObject("TC_001/Page_CURA Healthcare Service/p_Login failed Please ensure the username a_eb55b5"), 30): Object 'Object Repository/TC_001/Page_CURA Healthcare Service/p_Login failed Please ensure the username a_eb55b5' is present

2020-10-12 00:49:15 - [MESSAGE][PASSED] - Object 'Object Repository/TC_001/Page_CURA Healthcare Service/p_Login failed Please ensure the username a_eb55b5' is present

2020-10-12 00:49:15 - [TEST_STEP][PASSED] - verifyElementText(findTestObject("Object Repository/TC_001/Page_CURA Healthcare Service/p_Login failed Please ensure the username a_eb55b5"), "Login failed! Please ensure the username and password are valid."): Actual text and expected text of test object 'Object Repository/TC_001/Page_CURA Healthcare Service/p_Login failed Please ensure the username a_eb55b5' are matched.

2020-10-12 00:49:16 - [MESSAGE][PASSED] - Actual text and expected text of test object 'Object Repository/TC_001/Page_CURA Healthcare Service/p_Login failed Please ensure the username a_eb55b5' are matched.

2020-10-12 00:49:16 - [TEST_STEP][PASSED] - closeBrowser(): Browser is closed

2020-10-12 00:49:16 - [MESSAGE][PASSED] - Browser is closed]]></system-out>
         <system-err><![CDATA[]]></system-err>
      </testcase>
      <testcase name="Test Cases/TC_002_LoginPassFail" time="8.278" classname="Test Cases/TC_002_LoginPassFail" status="PASSED">
         <system-out><![CDATA[2020-10-12 00:49:16 - [TEST_CASE][PASSED] - Test Cases/TC_002_LoginPassFail: Test Cases/TC_002_LoginPassFail

2020-10-12 00:49:16 - [TEST_STEP][PASSED] - openBrowser(""): Browser is opened with url: ''

2020-10-12 00:49:16 - [MESSAGE][INFO] - Starting 'Chrome' driver

2020-10-12 00:49:16 - [MESSAGE][INFO] - Action delay is set to 0 milliseconds

2020-10-12 00:49:16 - [MESSAGE][PASSED] - Browser is opened with url: ''

2020-10-12 00:49:16 - [TEST_STEP][PASSED] - navigateToUrl("https://katalon-demo-cura.herokuapp.com/"): Navigate to 'https://katalon-demo-cura.herokuapp.com/' successfully

2020-10-12 00:49:20 - [MESSAGE][PASSED] - Navigate to 'https://katalon-demo-cura.herokuapp.com/' successfully

2020-10-12 00:49:20 - [TEST_STEP][PASSED] - click(findTestObject("Object Repository/TC_002/Page_CURA Healthcare Service/a_Make Appointment")): Object: 'Object Repository/TC_002/Page_CURA Healthcare Service/a_Make Appointment' is clicked on

2020-10-12 00:49:21 - [MESSAGE][PASSED] - Object: 'Object Repository/TC_002/Page_CURA Healthcare Service/a_Make Appointment' is clicked on

2020-10-12 00:49:21 - [TEST_STEP][PASSED] - setText(findTestObject("Object Repository/TC_002/Page_CURA Healthcare Service/input_Username_username"), user): Text 'John Doe' is set on object 'Object Repository/TC_002/Page_CURA Healthcare Service/input_Username_username'

2020-10-12 00:49:21 - [MESSAGE][PASSED] - Text 'John Doe' is set on object 'Object Repository/TC_002/Page_CURA Healthcare Service/input_Username_username'

2020-10-12 00:49:21 - [TEST_STEP][PASSED] - setText(findTestObject("Object Repository/TC_002/Page_CURA Healthcare Service/input_Password_password"), passFail): Text '123' is set on object 'Object Repository/TC_002/Page_CURA Healthcare Service/input_Password_password'

2020-10-12 00:49:22 - [MESSAGE][PASSED] - Text '123' is set on object 'Object Repository/TC_002/Page_CURA Healthcare Service/input_Password_password'

2020-10-12 00:49:22 - [TEST_STEP][PASSED] - click(findTestObject("Object Repository/TC_002/Page_CURA Healthcare Service/button_Login")): Object: 'Object Repository/TC_002/Page_CURA Healthcare Service/button_Login' is clicked on

2020-10-12 00:49:23 - [MESSAGE][PASSED] - Object: 'Object Repository/TC_002/Page_CURA Healthcare Service/button_Login' is clicked on

2020-10-12 00:49:23 - [TEST_STEP][PASSED] - waitForElementPresent(findTestObject("TC_003/Page_CURA Healthcare Service/p_Login failed Please ensure the username a_eb55b5"), 30): Object 'Object Repository/TC_003/Page_CURA Healthcare Service/p_Login failed Please ensure the username a_eb55b5' is present

2020-10-12 00:49:24 - [MESSAGE][PASSED] - Object 'Object Repository/TC_003/Page_CURA Healthcare Service/p_Login failed Please ensure the username a_eb55b5' is present

2020-10-12 00:49:24 - [TEST_STEP][PASSED] - verifyElementText(findTestObject("Object Repository/TC_002/Page_CURA Healthcare Service/p_Login failed Please ensure the username a_eb55b5"), "Login failed! Please ensure the username and password are valid."): Actual text and expected text of test object 'Object Repository/TC_002/Page_CURA Healthcare Service/p_Login failed Please ensure the username a_eb55b5' are matched.

2020-10-12 00:49:24 - [MESSAGE][PASSED] - Actual text and expected text of test object 'Object Repository/TC_002/Page_CURA Healthcare Service/p_Login failed Please ensure the username a_eb55b5' are matched.

2020-10-12 00:49:24 - [TEST_STEP][PASSED] - closeBrowser(): Browser is closed

2020-10-12 00:49:24 - [MESSAGE][PASSED] - Browser is closed]]></system-out>
         <system-err><![CDATA[]]></system-err>
      </testcase>
      <testcase name="Test Cases/TC_004_LoginSuccesful" time="7.396" classname="Test Cases/TC_004_LoginSuccesful" status="PASSED">
         <system-out><![CDATA[2020-10-12 00:49:24 - [TEST_CASE][PASSED] - Test Cases/TC_004_LoginSuccesful: Test Cases/TC_004_LoginSuccesful

2020-10-12 00:49:24 - [TEST_STEP][PASSED] - openBrowser(""): Browser is opened with url: ''

2020-10-12 00:49:24 - [MESSAGE][INFO] - Starting 'Chrome' driver

2020-10-12 00:49:24 - [MESSAGE][INFO] - Action delay is set to 0 milliseconds

2020-10-12 00:49:25 - [MESSAGE][PASSED] - Browser is opened with url: ''

2020-10-12 00:49:25 - [TEST_STEP][PASSED] - navigateToUrl("https://katalon-demo-cura.herokuapp.com/"): Navigate to 'https://katalon-demo-cura.herokuapp.com/' successfully

2020-10-12 00:49:27 - [MESSAGE][PASSED] - Navigate to 'https://katalon-demo-cura.herokuapp.com/' successfully

2020-10-12 00:49:27 - [TEST_STEP][PASSED] - click(findTestObject("Object Repository/TC_004/Page_CURA Healthcare Service/a_Make Appointment")): Object: 'Object Repository/TC_004/Page_CURA Healthcare Service/a_Make Appointment' is clicked on

2020-10-12 00:49:28 - [MESSAGE][PASSED] - Object: 'Object Repository/TC_004/Page_CURA Healthcare Service/a_Make Appointment' is clicked on

2020-10-12 00:49:28 - [TEST_STEP][PASSED] - setText(findTestObject("Object Repository/TC_004/Page_CURA Healthcare Service/input_Username_username"), username): Text 'John Doe' is set on object 'Object Repository/TC_004/Page_CURA Healthcare Service/input_Username_username'

2020-10-12 00:49:29 - [MESSAGE][PASSED] - Text 'John Doe' is set on object 'Object Repository/TC_004/Page_CURA Healthcare Service/input_Username_username'

2020-10-12 00:49:29 - [TEST_STEP][PASSED] - setText(findTestObject("Object Repository/TC_004/Page_CURA Healthcare Service/input_Password_password"), pass): Text 'ThisIsNotAPassword' is set on object 'Object Repository/TC_004/Page_CURA Healthcare Service/input_Password_password'

2020-10-12 00:49:30 - [MESSAGE][PASSED] - Text 'ThisIsNotAPassword' is set on object 'Object Repository/TC_004/Page_CURA Healthcare Service/input_Password_password'

2020-10-12 00:49:30 - [TEST_STEP][PASSED] - click(findTestObject("Object Repository/TC_004/Page_CURA Healthcare Service/button_Login")): Object: 'Object Repository/TC_004/Page_CURA Healthcare Service/button_Login' is clicked on

2020-10-12 00:49:31 - [MESSAGE][PASSED] - Object: 'Object Repository/TC_004/Page_CURA Healthcare Service/button_Login' is clicked on

2020-10-12 00:49:31 - [TEST_STEP][PASSED] - waitForElementPresent(findTestObject("TC_004/Page_CURA Healthcare Service/h2_Make Appointment"), 30): Object 'Object Repository/TC_004/Page_CURA Healthcare Service/h2_Make Appointment' is present

2020-10-12 00:49:31 - [MESSAGE][PASSED] - Object 'Object Repository/TC_004/Page_CURA Healthcare Service/h2_Make Appointment' is present

2020-10-12 00:49:31 - [TEST_STEP][PASSED] - verifyElementText(findTestObject("Object Repository/TC_004/Page_CURA Healthcare Service/h2_Make Appointment"), "Make Appointment"): Actual text and expected text of test object 'Object Repository/TC_004/Page_CURA Healthcare Service/h2_Make Appointment' are matched.

2020-10-12 00:49:31 - [MESSAGE][PASSED] - Actual text and expected text of test object 'Object Repository/TC_004/Page_CURA Healthcare Service/h2_Make Appointment' are matched.

2020-10-12 00:49:31 - [TEST_STEP][PASSED] - closeBrowser(): Browser is closed

2020-10-12 00:49:31 - [MESSAGE][PASSED] - Browser is closed]]></system-out>
         <system-err><![CDATA[]]></system-err>
      </testcase>
      <system-out><![CDATA[2020-10-12 00:48:51 - [TEST_SUITE][PASSED] - TS_002_Lab02: Test Cases/TC_004_LoginSuccesful]]></system-out>
      <system-err><![CDATA[]]></system-err>
   </testsuite>
</testsuites>
